[2025-06-26T17:36:44.134+0000] {taskinstance.py:1159} INFO - Dependencies all met for dep_context=non-requeueable deps ti=<TaskInstance: dag.model_training scheduled__2024-08-01T00:00:00+00:00 [queued]>
[2025-06-26T17:36:44.136+0000] {taskinstance.py:1159} INFO - Dependencies all met for dep_context=requeueable deps ti=<TaskInstance: dag.model_training scheduled__2024-08-01T00:00:00+00:00 [queued]>
[2025-06-26T17:36:44.136+0000] {taskinstance.py:1361} INFO - Starting attempt 1 of 2
[2025-06-26T17:36:44.143+0000] {taskinstance.py:1382} INFO - Executing <Task(BashOperator): model_training> on 2024-08-01 00:00:00+00:00
[2025-06-26T17:36:44.144+0000] {standard_task_runner.py:57} INFO - Started process 16625 to run task
[2025-06-26T17:36:44.145+0000] {standard_task_runner.py:84} INFO - Running: ['airflow', 'tasks', 'run', 'dag', 'model_training', 'scheduled__2024-08-01T00:00:00+00:00', '--job-id', '164', '--raw', '--subdir', 'DAGS_FOLDER/dag.py', '--cfg-path', '/tmp/tmpxkesxdmk']
[2025-06-26T17:36:44.146+0000] {standard_task_runner.py:85} INFO - Job 164: Subtask model_training
[2025-06-26T17:36:44.161+0000] {task_command.py:416} INFO - Running <TaskInstance: dag.model_training scheduled__2024-08-01T00:00:00+00:00 [running]> on host 76c4c5836333
[2025-06-26T17:36:44.183+0000] {taskinstance.py:1662} INFO - Exporting env vars: AIRFLOW_CTX_DAG_OWNER='airflow' AIRFLOW_CTX_DAG_ID='dag' AIRFLOW_CTX_TASK_ID='model_training' AIRFLOW_CTX_EXECUTION_DATE='2024-08-01T00:00:00+00:00' AIRFLOW_CTX_TRY_NUMBER='1' AIRFLOW_CTX_DAG_RUN_ID='scheduled__2024-08-01T00:00:00+00:00'
[2025-06-26T17:36:44.183+0000] {subprocess.py:63} INFO - Tmp dir root location: /tmp
[2025-06-26T17:36:44.184+0000] {subprocess.py:75} INFO - Running command: ['/bin/bash', '-c', 'cd /opt/airflow && python src/train_model.py --config configs/default_train.json']
[2025-06-26T17:36:44.186+0000] {subprocess.py:86} INFO - Output:
[2025-06-26T17:36:46.009+0000] {subprocess.py:93} INFO - Setting default log level to "WARN".
[2025-06-26T17:36:46.010+0000] {subprocess.py:93} INFO - To adjust logging level use sc.setLogLevel(newLevel). For SparkR, use setLogLevel(newLevel).
[2025-06-26T17:36:46.153+0000] {subprocess.py:93} INFO - 25/06/26 17:36:46 WARN NativeCodeLoader: Unable to load native-hadoop library for your platform... using builtin-java classes where applicable
[2025-06-26T17:36:49.670+0000] {subprocess.py:93} INFO - Config file loaded succesfully!
[2025-06-26T17:36:49.671+0000] {subprocess.py:93} INFO - Fitting 3 folds for each of 100 candidates, totalling 300 fits
[2025-06-26T17:36:51.938+0000] {subprocess.py:93} INFO - 2025/06/26 17:36:51 INFO mlflow.tracking.fluent: Experiment with name 'credit_model_2024_05_01' does not exist. Creating a new experiment.
[2025-06-26T17:36:51.992+0000] {subprocess.py:93} INFO - 2025/06/26 17:36:51 WARNING mlflow.utils.git_utils: Failed to import Git (the Git executable is probably not on your PATH), so Git SHA is not available. Error: Failed to initialize: Bad git executable.
[2025-06-26T17:36:51.992+0000] {subprocess.py:93} INFO - The git executable must be specified in one of the following ways:
[2025-06-26T17:36:51.992+0000] {subprocess.py:93} INFO -     - be included in your $PATH
[2025-06-26T17:36:51.992+0000] {subprocess.py:93} INFO -     - be set via $GIT_PYTHON_GIT_EXECUTABLE
[2025-06-26T17:36:51.993+0000] {subprocess.py:93} INFO -     - explicitly set via git.refresh(<full-path-to-git-executable>)
[2025-06-26T17:36:51.993+0000] {subprocess.py:93} INFO - 
[2025-06-26T17:36:51.993+0000] {subprocess.py:93} INFO - All git commands will error until this is rectified.
[2025-06-26T17:36:51.993+0000] {subprocess.py:93} INFO - 
[2025-06-26T17:36:51.993+0000] {subprocess.py:93} INFO - This initial message can be silenced or aggravated in the future by setting the
[2025-06-26T17:36:51.993+0000] {subprocess.py:93} INFO - $GIT_PYTHON_REFRESH environment variable. Use one of the following values:
[2025-06-26T17:36:51.993+0000] {subprocess.py:93} INFO -     - quiet|q|silence|s|silent|none|n|0: for no message or exception
[2025-06-26T17:36:51.993+0000] {subprocess.py:93} INFO -     - warn|w|warning|log|l|1: for a warning message (logging level CRITICAL, displayed by default)
[2025-06-26T17:36:51.993+0000] {subprocess.py:93} INFO -     - error|e|exception|raise|r|2: for a raised exception
[2025-06-26T17:36:51.993+0000] {subprocess.py:93} INFO - 
[2025-06-26T17:36:51.993+0000] {subprocess.py:93} INFO - Example:
[2025-06-26T17:36:51.993+0000] {subprocess.py:93} INFO -     export GIT_PYTHON_REFRESH=quiet
[2025-06-26T17:36:51.993+0000] {subprocess.py:93} INFO - 
[2025-06-26T17:36:52.070+0000] {subprocess.py:93} INFO - ML Flow is running...
[2025-06-26T17:36:52.070+0000] {subprocess.py:93} INFO - Logging current model metrics...
[2025-06-26T17:36:52.998+0000] {subprocess.py:97} INFO - Command exited with return code 0
[2025-06-26T17:36:53.040+0000] {taskinstance.py:1400} INFO - Marking task as SUCCESS. dag_id=dag, task_id=model_training, execution_date=20240801T000000, start_date=20250626T173644, end_date=20250626T173653
[2025-06-26T17:36:53.060+0000] {local_task_job_runner.py:228} INFO - Task exited with return code 0
[2025-06-26T17:36:53.073+0000] {taskinstance.py:2778} INFO - 0 downstream tasks scheduled from follow-on schedule check
