[2025-06-26T14:23:46.813+0000] {taskinstance.py:1159} INFO - Dependencies all met for dep_context=non-requeueable deps ti=<TaskInstance: dag.model_training scheduled__2023-06-01T00:00:00+00:00 [queued]>
[2025-06-26T14:23:46.815+0000] {taskinstance.py:1159} INFO - Dependencies all met for dep_context=requeueable deps ti=<TaskInstance: dag.model_training scheduled__2023-06-01T00:00:00+00:00 [queued]>
[2025-06-26T14:23:46.816+0000] {taskinstance.py:1361} INFO - Starting attempt 1 of 2
[2025-06-26T14:23:46.821+0000] {taskinstance.py:1382} INFO - Executing <Task(BashOperator): model_training> on 2023-06-01 00:00:00+00:00
[2025-06-26T14:23:46.823+0000] {standard_task_runner.py:57} INFO - Started process 32686 to run task
[2025-06-26T14:23:46.824+0000] {standard_task_runner.py:84} INFO - Running: ['airflow', 'tasks', 'run', 'dag', 'model_training', 'scheduled__2023-06-01T00:00:00+00:00', '--job-id', '115', '--raw', '--subdir', 'DAGS_FOLDER/dag.py', '--cfg-path', '/tmp/tmp1p7sbdn6']
[2025-06-26T14:23:46.825+0000] {standard_task_runner.py:85} INFO - Job 115: Subtask model_training
[2025-06-26T14:23:46.839+0000] {task_command.py:416} INFO - Running <TaskInstance: dag.model_training scheduled__2023-06-01T00:00:00+00:00 [running]> on host d13e0d6d1fb5
[2025-06-26T14:23:46.862+0000] {taskinstance.py:1662} INFO - Exporting env vars: AIRFLOW_CTX_DAG_OWNER='airflow' AIRFLOW_CTX_DAG_ID='dag' AIRFLOW_CTX_TASK_ID='model_training' AIRFLOW_CTX_EXECUTION_DATE='2023-06-01T00:00:00+00:00' AIRFLOW_CTX_TRY_NUMBER='1' AIRFLOW_CTX_DAG_RUN_ID='scheduled__2023-06-01T00:00:00+00:00'
[2025-06-26T14:23:46.863+0000] {subprocess.py:63} INFO - Tmp dir root location: /tmp
[2025-06-26T14:23:46.863+0000] {subprocess.py:75} INFO - Running command: ['/bin/bash', '-c', 'cd /opt/airflow && python src/train_model.py --config configs/default_train.json']
[2025-06-26T14:23:46.865+0000] {subprocess.py:86} INFO - Output:
[2025-06-26T14:23:47.924+0000] {subprocess.py:93} INFO - Setting default log level to "WARN".
[2025-06-26T14:23:47.925+0000] {subprocess.py:93} INFO - To adjust logging level use sc.setLogLevel(newLevel). For SparkR, use setLogLevel(newLevel).
[2025-06-26T14:23:48.031+0000] {subprocess.py:93} INFO - 25/06/26 14:23:48 WARN NativeCodeLoader: Unable to load native-hadoop library for your platform... using builtin-java classes where applicable
[2025-06-26T14:23:51.099+0000] {subprocess.py:93} INFO - Config file loaded succesfully!
[2025-06-26T14:23:51.099+0000] {subprocess.py:93} INFO - Fitting 3 folds for each of 100 candidates, totalling 300 fits
[2025-06-26T14:23:52.642+0000] {subprocess.py:93} INFO - Model saved to model_bank/credit_model_2024_09_01.pkl
[2025-06-26T14:23:53.352+0000] {subprocess.py:97} INFO - Command exited with return code 0
[2025-06-26T14:23:53.370+0000] {taskinstance.py:1400} INFO - Marking task as SUCCESS. dag_id=dag, task_id=model_training, execution_date=20230601T000000, start_date=20250626T142346, end_date=20250626T142353
[2025-06-26T14:23:53.399+0000] {local_task_job_runner.py:228} INFO - Task exited with return code 0
[2025-06-26T14:23:53.405+0000] {taskinstance.py:2778} INFO - 0 downstream tasks scheduled from follow-on schedule check
