[2025-06-26T14:19:31.934+0000] {taskinstance.py:1159} INFO - Dependencies all met for dep_context=non-requeueable deps ti=<TaskInstance: dag.model_training scheduled__2023-01-01T00:00:00+00:00 [queued]>
[2025-06-26T14:19:31.936+0000] {taskinstance.py:1159} INFO - Dependencies all met for dep_context=requeueable deps ti=<TaskInstance: dag.model_training scheduled__2023-01-01T00:00:00+00:00 [queued]>
[2025-06-26T14:19:31.936+0000] {taskinstance.py:1361} INFO - Starting attempt 2 of 3
[2025-06-26T14:19:31.942+0000] {taskinstance.py:1382} INFO - Executing <Task(BashOperator): model_training> on 2023-01-01 00:00:00+00:00
[2025-06-26T14:19:31.943+0000] {standard_task_runner.py:57} INFO - Started process 7833 to run task
[2025-06-26T14:19:31.945+0000] {standard_task_runner.py:84} INFO - Running: ['airflow', 'tasks', 'run', 'dag', 'model_training', 'scheduled__2023-01-01T00:00:00+00:00', '--job-id', '107', '--raw', '--subdir', 'DAGS_FOLDER/dag.py', '--cfg-path', '/tmp/tmp5t6nfpxs']
[2025-06-26T14:19:31.945+0000] {standard_task_runner.py:85} INFO - Job 107: Subtask model_training
[2025-06-26T14:19:31.960+0000] {task_command.py:416} INFO - Running <TaskInstance: dag.model_training scheduled__2023-01-01T00:00:00+00:00 [running]> on host d13e0d6d1fb5
[2025-06-26T14:19:31.980+0000] {taskinstance.py:1662} INFO - Exporting env vars: AIRFLOW_CTX_DAG_OWNER='airflow' AIRFLOW_CTX_DAG_ID='dag' AIRFLOW_CTX_TASK_ID='model_training' AIRFLOW_CTX_EXECUTION_DATE='2023-01-01T00:00:00+00:00' AIRFLOW_CTX_TRY_NUMBER='2' AIRFLOW_CTX_DAG_RUN_ID='scheduled__2023-01-01T00:00:00+00:00'
[2025-06-26T14:19:31.981+0000] {subprocess.py:63} INFO - Tmp dir root location: /tmp
[2025-06-26T14:19:31.981+0000] {subprocess.py:75} INFO - Running command: ['/bin/bash', '-c', 'cd /opt/airflow && python src/train_model.py --config configs/default_train.json']
[2025-06-26T14:19:31.983+0000] {subprocess.py:86} INFO - Output:
[2025-06-26T14:19:33.255+0000] {subprocess.py:93} INFO - Setting default log level to "WARN".
[2025-06-26T14:19:33.256+0000] {subprocess.py:93} INFO - To adjust logging level use sc.setLogLevel(newLevel). For SparkR, use setLogLevel(newLevel).
[2025-06-26T14:19:33.331+0000] {subprocess.py:93} INFO - 25/06/26 14:19:33 WARN NativeCodeLoader: Unable to load native-hadoop library for your platform... using builtin-java classes where applicable
[2025-06-26T14:19:36.517+0000] {subprocess.py:93} INFO - Config file loaded succesfully!
[2025-06-26T14:19:36.518+0000] {subprocess.py:93} INFO - Fitting 3 folds for each of 100 candidates, totalling 300 fits
[2025-06-26T14:19:38.260+0000] {subprocess.py:93} INFO - Model saved to model_bank/credit_model_2024_09_01.pkl
[2025-06-26T14:19:38.956+0000] {subprocess.py:97} INFO - Command exited with return code 0
[2025-06-26T14:19:38.977+0000] {taskinstance.py:1400} INFO - Marking task as SUCCESS. dag_id=dag, task_id=model_training, execution_date=20230101T000000, start_date=20250626T141931, end_date=20250626T141938
[2025-06-26T14:19:39.020+0000] {local_task_job_runner.py:228} INFO - Task exited with return code 0
[2025-06-26T14:19:39.028+0000] {taskinstance.py:2778} INFO - 0 downstream tasks scheduled from follow-on schedule check
